<?xml version="1.0" encoding="utf-8"?><testsuites name="pytest tests"><testsuite name="pytest" errors="0" failures="0" skipped="0" tests="8" time="1.743" timestamp="2026-02-15T09:01:55.499192+00:00" hostname="agent-env-cf3ac7f3-62b2-4176-9883-c62c2b934592"><testcase classname="tests.test_password_reset.TestForgotPasswordEndpoint" name="test_forgot_password_valid_email" time="0.451" /><testcase classname="tests.test_password_reset.TestForgotPasswordEndpoint" name="test_forgot_password_nonexistent_email" time="0.115" /><testcase classname="tests.test_password_reset.TestForgotPasswordEndpoint" name="test_forgot_password_invalid_email_format" time="0.107" /><testcase classname="tests.test_password_reset.TestResetPasswordEndpoint" name="test_reset_password_invalid_token" time="0.122" /><testcase classname="tests.test_password_reset.TestResetPasswordEndpoint" name="test_reset_password_short_password" time="0.110" /><testcase classname="tests.test_password_reset.TestLoginRegression" name="test_login_with_valid_credentials" time="0.341" /><testcase classname="tests.test_password_reset.TestLoginRegression" name="test_login_with_invalid_credentials" time="0.332" /><testcase classname="tests.test_password_reset.TestTokenOneTimeUse" name="test_used_token_fails" time="0.109" /></testsuite></testsuites>