<?xml version="1.0" encoding="utf-8"?><testsuites name="pytest tests"><testsuite name="pytest" errors="0" failures="0" skipped="0" tests="11" time="0.725" timestamp="2026-02-08T00:26:56.657820+00:00" hostname="agent-env-0e29a717-375d-40f1-9c26-b74f97e32fee"><testcase classname="backend.tests.test_iteration5_parser_fixes.TestParseUncertainFragmentsHeaderMatching" name="test_header_without_colon" time="0.001" /><testcase classname="backend.tests.test_iteration5_parser_fixes.TestParseUncertainFragmentsHeaderMatching" name="test_header_with_colon" time="0.000" /><testcase classname="backend.tests.test_iteration5_parser_fixes.TestParseUncertainFragmentsWordExtraction" name="test_guillemet_word_extraction" time="0.000" /><testcase classname="backend.tests.test_iteration5_parser_fixes.TestParseUncertainFragmentsWordExtraction" name="test_mixed_quote_formats" time="0.000" /><testcase classname="backend.tests.test_iteration5_parser_fixes.TestParseUncertainFragmentsWordExtraction" name="test_numbered_list_parsing" time="0.000" /><testcase classname="backend.tests.test_iteration5_parser_fixes.TestParseUncertainFragmentsWordExtraction" name="test_bullet_list_parsing" time="0.000" /><testcase classname="backend.tests.test_iteration5_parser_fixes.TestParseUncertainFragmentsWordExtraction" name="test_fallback_dash_split" time="0.000" /><testcase classname="backend.tests.test_iteration5_parser_fixes.TestParseUncertainFragmentsBracketPatterns" name="test_single_bracket_pattern" time="0.000" /><testcase classname="backend.tests.test_iteration5_parser_fixes.TestParseUncertainFragmentsBracketPatterns" name="test_double_bracket_pattern" time="0.000" /><testcase classname="backend.tests.test_iteration5_parser_fixes.TestBackendAPITranscriptUpdate" name="test_update_processed_transcript" time="0.374" /><testcase classname="backend.tests.test_iteration5_parser_fixes.TestBackendAPITranscriptUpdate" name="test_update_invalid_version_type" time="0.301" /></testsuite></testsuites>