<?xml version="1.0" encoding="utf-8"?><testsuites name="pytest tests"><testsuite name="pytest" errors="0" failures="0" skipped="0" tests="18" time="12.013" timestamp="2026-02-10T16:25:12.671138+00:00" hostname="agent-env-a7e19f18-7ff0-47c5-bf07-49e9cdc1032b"><testcase classname="backend.tests.test_doc_streams.TestHealthCheck" name="test_api_health" time="0.102" /><testcase classname="backend.tests.test_doc_streams.TestStreamsSetup" name="test_create_folder" time="0.292" /><testcase classname="backend.tests.test_doc_streams.TestStreamsSetup" name="test_create_project" time="0.011" /><testcase classname="backend.tests.test_doc_streams.TestStreamsCRUD" name="test_list_streams_empty" time="0.053" /><testcase classname="backend.tests.test_doc_streams.TestStreamsCRUD" name="test_create_stream" time="0.014" /><testcase classname="backend.tests.test_doc_streams.TestStreamsCRUD" name="test_create_stream_minimal" time="0.012" /><testcase classname="backend.tests.test_doc_streams.TestStreamsCRUD" name="test_list_streams_multiple" time="0.012" /><testcase classname="backend.tests.test_doc_streams.TestStreamsCRUD" name="test_update_stream" time="0.053" /><testcase classname="backend.tests.test_doc_streams.TestStreamsCRUD" name="test_update_stream_partial" time="0.014" /><testcase classname="backend.tests.test_doc_streams.TestStreamsCRUD" name="test_stream_not_found" time="0.055" /><testcase classname="backend.tests.test_doc_streams.TestStreamMessages" name="test_send_message_get_response" time="4.965" /><testcase classname="backend.tests.test_doc_streams.TestStreamMessages" name="test_multi_turn_conversation" time="6.175" /><testcase classname="backend.tests.test_doc_streams.TestStreamMessages" name="test_verify_messages_persisted" time="0.012" /><testcase classname="backend.tests.test_doc_streams.TestStreamDelete" name="test_delete_stream" time="0.028" /><testcase classname="backend.tests.test_doc_streams.TestStreamDelete" name="test_delete_nonexistent_stream" time="0.051" /><testcase classname="backend.tests.test_doc_streams.TestCleanup" name="test_delete_remaining_stream" time="0.054" /><testcase classname="backend.tests.test_doc_streams.TestCleanup" name="test_delete_project" time="0.012" /><testcase classname="backend.tests.test_doc_streams.TestCleanup" name="test_delete_folder" time="0.010" /></testsuite></testsuites>