<?xml version="1.0" encoding="utf-8"?><testsuites name="pytest tests"><testsuite name="pytest" errors="0" failures="0" skipped="0" tests="9" time="10.393" timestamp="2026-02-11T17:41:04.964067+00:00" hostname="agent-env-02631a3a-2bba-4562-ad6d-95b6cc775957"><testcase classname="tests.test_ai_chat_image_upload.TestAiChatSessionCRUD" name="test_create_session" time="0.375" /><testcase classname="tests.test_ai_chat_image_upload.TestAiChatSessionCRUD" name="test_list_sessions" time="0.109" /><testcase classname="tests.test_ai_chat_image_upload.TestAiChatSessionCRUD" name="test_get_session" time="0.103" /><testcase classname="tests.test_ai_chat_image_upload.TestAiChatSessionCRUD" name="test_delete_session" time="0.118" /><testcase classname="tests.test_ai_chat_image_upload.TestAiChatTextMessage" name="test_send_text_message" time="2.277" /><testcase classname="tests.test_ai_chat_image_upload.TestAiChatImageMessage" name="test_send_message_with_image" time="2.921" /><testcase classname="tests.test_ai_chat_image_upload.TestAiChatImageMessage" name="test_image_too_large_rejected" time="0.217" /><testcase classname="tests.test_ai_chat_image_upload.TestInsufficientCredits" name="test_402_error_on_zero_balance" time="4.063" /><testcase classname="tests.test_ai_chat_image_upload.TestPipelineEditorAiChat" name="test_session_with_pipeline_id" time="0.145" /></testsuite></testsuites>