<?xml version="1.0" encoding="utf-8"?><testsuites name="pytest tests"><testsuite name="pytest" errors="0" failures="0" skipped="0" tests="15" time="6.068" timestamp="2026-02-11T17:16:57.457074+00:00" hostname="agent-env-02631a3a-2bba-4562-ad6d-95b6cc775957"><testcase classname="tests.test_bug_fix_credits.TestHealthCheck" name="test_api_health" time="0.097" /><testcase classname="tests.test_bug_fix_credits.TestUserAuth" name="test_admin_login" time="0.302" /><testcase classname="tests.test_bug_fix_credits.TestUserAuth" name="test_bugtest_login" time="0.263" /><testcase classname="tests.test_bug_fix_credits.TestBillingBalance" name="test_get_balance_admin" time="0.294" /><testcase classname="tests.test_bug_fix_credits.TestBillingBalance" name="test_get_balance_bugtest" time="0.295" /><testcase classname="tests.test_bug_fix_credits.TestBillingBalance" name="test_balance_not_negative" time="0.011" /><testcase classname="tests.test_bug_fix_credits.TestAiChatSessions" name="test_create_session" time="0.055" /><testcase classname="tests.test_bug_fix_credits.TestAiChatSessions" name="test_list_sessions" time="0.065" /><testcase classname="tests.test_bug_fix_credits.TestAiChatSessions" name="test_get_session" time="0.024" /><testcase classname="tests.test_bug_fix_credits.TestAiChatSessions" name="test_delete_session" time="0.065" /><testcase classname="tests.test_bug_fix_credits.TestAiChatMessageSending" name="test_send_message_returns_ai_response" time="2.562" /><testcase classname="tests.test_bug_fix_credits.TestAiChatMessageSending" name="test_bugtest_user_can_send_message" time="1.548" /><testcase classname="tests.test_bug_fix_credits.TestRegistrationWelcomeCredits" name="test_register_new_user_gets_credits" time="0.350" /><testcase classname="tests.test_bug_fix_credits.TestErrorHandling402" name="test_402_error_message_is_clear" time="0.010" /><testcase classname="tests.test_bug_fix_credits.TestExistingOrgsTopup" name="test_bugtest_user_has_positive_balance" time="0.061" /></testsuite></testsuites>