<?xml version="1.0" encoding="utf-8"?><testsuites name="pytest tests"><testsuite name="pytest" errors="0" failures="0" skipped="0" tests="14" time="6.360" timestamp="2026-02-11T15:56:02.122067+00:00" hostname="agent-env-47b897ce-5e1c-4028-a956-509ec8e18a0a"><testcase classname="backend.tests.test_billing_stage3.TestMarkupTiersAPI" name="test_get_markup_tiers_returns_5_default_tiers" time="0.385" /><testcase classname="backend.tests.test_billing_stage3.TestMarkupTiersAPI" name="test_get_markup_tiers_forbidden_for_org_admin" time="0.301" /><testcase classname="backend.tests.test_billing_stage3.TestMarkupTiersAPI" name="test_update_markup_tiers" time="0.078" /><testcase classname="backend.tests.test_billing_stage3.TestMarkupTiersAPI" name="test_update_markup_tiers_validation_empty_fails" time="0.041" /><testcase classname="backend.tests.test_billing_stage3.TestMarkupTiersAPI" name="test_update_markup_tiers_validation_invalid_multiplier_fails" time="0.039" /><testcase classname="backend.tests.test_billing_stage3.TestMarkupTiersAPI" name="test_update_markup_tiers_forbidden_for_org_admin" time="0.041" /><testcase classname="backend.tests.test_billing_stage3.TestUsageStatsAPI" name="test_get_my_usage_returns_monthly_stats" time="0.037" /><testcase classname="backend.tests.test_billing_stage3.TestUsageStatsAPI" name="test_get_admin_usage_returns_platform_stats" time="0.038" /><testcase classname="backend.tests.test_billing_stage3.TestUsageStatsAPI" name="test_get_admin_usage_with_org_filter" time="0.077" /><testcase classname="backend.tests.test_billing_stage3.TestUsageStatsAPI" name="test_get_admin_usage_forbidden_for_org_admin" time="0.037" /><testcase classname="backend.tests.test_billing_stage3.TestCreditDeductionAfterAICall" name="test_ai_chat_deducts_credits" time="5.152" /><testcase classname="backend.tests.test_billing_stage3.TestInsufficientCreditsCheck" name="test_ai_call_returns_402_when_balance_zero" time="0.000" /><testcase classname="backend.tests.test_billing_stage3.TestMonthlyTokenLimitEnforcement" name="test_monthly_limit_check_exists_in_user_object" time="0.035" /><testcase classname="backend.tests.test_billing_stage3.TestMeteringService" name="test_usage_record_contains_metering_fields" time="0.035" /></testsuite></testsuites>