<?xml version="1.0" encoding="utf-8"?><testsuites name="pytest tests"><testsuite name="pytest" errors="0" failures="0" skipped="0" tests="10" time="3.301" timestamp="2026-02-09T19:52:21.483474+00:00" hostname="agent-env-ca9052a5-c191-48d8-8273-3637168f18cb"><testcase classname="backend.tests.test_wizard_settings.TestWizardSettings" name="test_pipeline_list_returns_wizard_fields" time="0.335" /><testcase classname="backend.tests.test_wizard_settings.TestWizardSettings" name="test_template_node_wizard_settings" time="0.299" /><testcase classname="backend.tests.test_wizard_settings.TestWizardSettings" name="test_user_edit_list_node_wizard_settings" time="0.296" /><testcase classname="backend.tests.test_wizard_settings.TestWizardSettings" name="test_user_review_node_wizard_settings" time="0.312" /><testcase classname="backend.tests.test_wizard_settings.TestWizardSettings" name="test_non_interactive_node_pause_after" time="0.295" /><testcase classname="backend.tests.test_wizard_settings.TestWizardSettings" name="test_create_pipeline_with_wizard_settings" time="0.379" /><testcase classname="backend.tests.test_wizard_settings.TestWizardSettings" name="test_update_pipeline_wizard_settings" time="0.407" /><testcase classname="backend.tests.test_wizard_settings.TestWizardSettings" name="test_character_limits_respected" time="0.296" /><testcase classname="backend.tests.test_wizard_settings.TestWizardStagesConstruction" name="test_seeded_pipeline_has_interactive_nodes" time="0.300" /><testcase classname="backend.tests.test_wizard_settings.TestWizardStagesConstruction" name="test_edges_define_execution_order" time="0.296" /></testsuite></testsuites>