<?xml version="1.0" encoding="utf-8"?><testsuites name="pytest tests"><testsuite name="pytest" errors="0" failures="1" skipped="0" tests="53" time="55.224" timestamp="2026-02-14T11:48:31.561365+00:00" hostname="agent-env-cac0ed8a-4aba-465d-9df1-6219f7cee6e8"><testcase classname="tests.test_storage_system_phase1.TestHealthCheck" name="test_health_endpoint" time="0.643" /><testcase classname="tests.test_storage_system_phase1.TestMeetingFolderCRUD" name="test_create_private_folder" time="0.103" /><testcase classname="tests.test_storage_system_phase1.TestMeetingFolderCRUD" name="test_create_public_folder" time="0.112" /><testcase classname="tests.test_storage_system_phase1.TestMeetingFolderCRUD" name="test_list_private_folders" time="0.124" /><testcase classname="tests.test_storage_system_phase1.TestMeetingFolderCRUD" name="test_list_public_folders" time="0.112" /><testcase classname="tests.test_storage_system_phase1.TestMeetingFolderCRUD" name="test_list_trash_folders_empty_initially" time="0.115" /><testcase classname="tests.test_storage_system_phase1.TestMeetingFolderCRUD" name="test_get_folder_with_owner_name" time="0.098" /><testcase classname="tests.test_storage_system_phase1.TestMeetingFolderCRUD" name="test_update_folder" time="0.110" /><testcase classname="tests.test_storage_system_phase1.TestMeetingFolderSharing" name="test_share_folder" time="0.231" /><testcase classname="tests.test_storage_system_phase1.TestMeetingFolderSharing" name="test_share_folder_readwrite" time="0.207" /><testcase classname="tests.test_storage_system_phase1.TestMeetingFolderSharing" name="test_unshare_folder" time="0.109" /><testcase classname="tests.test_storage_system_phase1.TestMeetingFolderMove" name="test_move_folder_to_parent" time="0.363" /><testcase classname="tests.test_storage_system_phase1.TestMeetingFolderMove" name="test_move_folder_to_root" time="0.104" /><testcase classname="tests.test_storage_system_phase1.TestMeetingFolderTrash" name="test_soft_delete_folder" time="0.208" /><testcase classname="tests.test_storage_system_phase1.TestMeetingFolderTrash" name="test_folder_appears_in_trash" time="0.134" /><testcase classname="tests.test_storage_system_phase1.TestMeetingFolderTrash" name="test_folder_not_in_private_after_delete" time="0.096" /><testcase classname="tests.test_storage_system_phase1.TestMeetingFolderTrash" name="test_restore_folder" time="0.247" /><testcase classname="tests.test_storage_system_phase1.TestMeetingFolderTrash" name="test_restored_folder_in_private" time="0.100" /><testcase classname="tests.test_storage_system_phase1.TestMeetingFolderTrash" name="test_permanent_delete_folder" time="0.390" /><testcase classname="tests.test_storage_system_phase1.TestProjectCRUD" name="test_create_project_inherits_folder_visibility" time="0.234" /><testcase classname="tests.test_storage_system_phase1.TestProjectCRUD" name="test_create_private_project" time="0.104" /><testcase classname="tests.test_storage_system_phase1.TestProjectCRUD" name="test_list_private_projects" time="0.107" /><testcase classname="tests.test_storage_system_phase1.TestProjectCRUD" name="test_list_public_projects" time="0.226" /><testcase classname="tests.test_storage_system_phase1.TestProjectCRUD" name="test_list_trash_projects" time="0.110" /><testcase classname="tests.test_storage_system_phase1.TestProjectTrash" name="test_soft_delete_project" time="0.212" /><testcase classname="tests.test_storage_system_phase1.TestProjectTrash" name="test_project_in_trash" time="0.101" /><testcase classname="tests.test_storage_system_phase1.TestProjectTrash" name="test_restore_project" time="0.222" /><testcase classname="tests.test_storage_system_phase1.TestProjectTrash" name="test_permanent_delete_project" time="0.487" /><testcase classname="tests.test_storage_system_phase1.TestProjectMove" name="test_move_project_to_public_folder" time="0.321" /><testcase classname="tests.test_storage_system_phase1.TestProjectMove" name="test_move_project_to_root" time="0.792" /><testcase classname="tests.test_storage_system_phase1.TestDocFolderCRUD" name="test_create_private_doc_folder" time="0.204" /><testcase classname="tests.test_storage_system_phase1.TestDocFolderCRUD" name="test_create_public_doc_folder" time="0.099" /><testcase classname="tests.test_storage_system_phase1.TestDocFolderCRUD" name="test_list_private_doc_folders" time="0.101" /><testcase classname="tests.test_storage_system_phase1.TestDocFolderCRUD" name="test_list_public_doc_folders" time="0.135" /><testcase classname="tests.test_storage_system_phase1.TestDocFolderCRUD" name="test_get_doc_folder_with_owner_name" time="0.101" /><testcase classname="tests.test_storage_system_phase1.TestDocFolderSharing" name="test_share_doc_folder" time="0.209" /><testcase classname="tests.test_storage_system_phase1.TestDocFolderSharing" name="test_unshare_doc_folder" time="0.101" /><testcase classname="tests.test_storage_system_phase1.TestDocFolderTrash" name="test_soft_delete_doc_folder" time="0.195" /><testcase classname="tests.test_storage_system_phase1.TestDocFolderTrash" name="test_doc_folder_in_trash" time="0.096" /><testcase classname="tests.test_storage_system_phase1.TestDocFolderTrash" name="test_restore_doc_folder" time="0.215" /><testcase classname="tests.test_storage_system_phase1.TestDocFolderTrash" name="test_permanent_delete_doc_folder" time="0.357" /><testcase classname="tests.test_storage_system_phase1.TestDocProjectCRUD" name="test_create_doc_project_inherits_visibility" time="0.272" /><testcase classname="tests.test_storage_system_phase1.TestDocProjectCRUD" name="test_list_public_doc_projects" time="0.106" /><testcase classname="tests.test_storage_system_phase1.TestDocProjectTrash" name="test_soft_delete_doc_project" time="0.206" /><testcase classname="tests.test_storage_system_phase1.TestDocProjectTrash" name="test_doc_project_in_trash" time="0.098" /><testcase classname="tests.test_storage_system_phase1.TestDocProjectTrash" name="test_restore_doc_project" time="0.210" /><testcase classname="tests.test_storage_system_phase1.TestDocProjectTrash" name="test_permanent_delete_doc_project" time="0.105"><failure message="assert None is not None">tests/test_storage_system_phase1.py:1013: in test_permanent_delete_doc_project
    assert project is not None
E   assert None is not None</failure></testcase><testcase classname="tests.test_storage_system_phase1.TestDocProjectMove" name="test_create_and_move_doc_project" time="0.867" /><testcase classname="tests.test_storage_system_phase1.TestAdminTrashSettings" name="test_get_trash_settings_unauthorized" time="0.093" /><testcase classname="tests.test_storage_system_phase1.TestAdminTrashSettings" name="test_put_trash_settings_unauthorized" time="0.225" /><testcase classname="tests.test_storage_system_phase1.TestAccessControl" name="test_cannot_delete_other_users_folder" time="0.001" /><testcase classname="tests.test_storage_system_phase1.TestAccessControl" name="test_get_nonexistent_folder_returns_404" time="0.107" /><testcase classname="tests.test_storage_system_phase1.TestAccessControl" name="test_update_nonexistent_folder_returns_404" time="44.415" /></testsuite></testsuites>