<?xml version="1.0" encoding="utf-8"?><testsuites name="pytest tests"><testsuite name="pytest" errors="0" failures="0" skipped="0" tests="15" time="17.105" timestamp="2026-02-11T12:43:15.401054+00:00" hostname="agent-env-b7509501-e097-4b0b-8dc5-fcf02644b0fe"><testcase classname="tests.test_ai_chat.TestAiChatHealth" name="test_health_endpoint" time="0.085" /><testcase classname="tests.test_ai_chat.TestAiChatSessionCRUD" name="test_create_session_without_pipeline" time="0.329" /><testcase classname="tests.test_ai_chat.TestAiChatSessionCRUD" name="test_create_session_with_pipeline" time="0.129" /><testcase classname="tests.test_ai_chat.TestAiChatSessionCRUD" name="test_list_sessions" time="0.028" /><testcase classname="tests.test_ai_chat.TestAiChatSessionCRUD" name="test_get_session" time="0.068" /><testcase classname="tests.test_ai_chat.TestAiChatSessionCRUD" name="test_get_nonexistent_session" time="0.013" /><testcase classname="tests.test_ai_chat.TestAiChatSessionCRUD" name="test_delete_session" time="0.028" /><testcase classname="tests.test_ai_chat.TestAiChatSessionCRUD" name="test_delete_nonexistent_session" time="0.049" /><testcase classname="tests.test_ai_chat.TestAiChatMessaging" name="test_send_text_message" time="5.978" /><testcase classname="tests.test_ai_chat.TestAiChatMessaging" name="test_send_message_to_nonexistent_session" time="0.051" /><testcase classname="tests.test_ai_chat.TestAiChatMessaging" name="test_empty_message_still_works" time="4.930" /><testcase classname="tests.test_ai_chat.TestAiChatFilterByPipeline" name="test_list_sessions_by_pipeline" time="0.145" /><testcase classname="tests.test_ai_chat.TestAiChatPipelineGeneration" name="test_request_pipeline_scenario" time="5.081" /><testcase classname="tests.test_ai_chat.TestAiChatAuth" name="test_create_session_without_auth" time="0.050" /><testcase classname="tests.test_ai_chat.TestAiChatAuth" name="test_list_sessions_without_auth" time="0.037" /></testsuite></testsuites>