<?xml version="1.0" encoding="utf-8"?><testsuites name="pytest tests"><testsuite name="pytest" errors="0" failures="0" skipped="0" tests="13" time="1.379" timestamp="2026-02-11T16:12:20.692499+00:00" hostname="agent-env-47b897ce-5e1c-4028-a956-509ec8e18a0a"><testcase classname="tests.test_billing_stage4.TestOrgUsersUsageEndpoint" name="test_org_users_usage_success" time="0.387" /><testcase classname="tests.test_billing_stage4.TestOrgUsersUsageEndpoint" name="test_org_users_usage_requires_admin" time="0.039" /><testcase classname="tests.test_billing_stage4.TestOrgUsersUsageEndpoint" name="test_org_users_usage_includes_zero_usage_users" time="0.040" /><testcase classname="tests.test_billing_stage4.TestAdminSummaryEndpoint" name="test_admin_summary_success" time="0.310" /><testcase classname="tests.test_billing_stage4.TestAdminSummaryEndpoint" name="test_admin_summary_requires_superadmin" time="0.034" /><testcase classname="tests.test_billing_stage4.TestAdminSummaryEndpoint" name="test_admin_summary_unauthorized" time="0.039" /><testcase classname="tests.test_billing_stage4.TestExistingBillingEndpoints" name="test_balance_endpoint" time="0.039" /><testcase classname="tests.test_billing_stage4.TestExistingBillingEndpoints" name="test_my_usage_endpoint" time="0.048" /><testcase classname="tests.test_billing_stage4.TestExistingBillingEndpoints" name="test_transactions_endpoint" time="0.048" /><testcase classname="tests.test_billing_stage4.TestExistingBillingEndpoints" name="test_plans_endpoint" time="0.080" /><testcase classname="tests.test_billing_stage4.TestExistingBillingEndpoints" name="test_admin_balances_endpoint" time="0.080" /><testcase classname="tests.test_billing_stage4.TestExistingBillingEndpoints" name="test_admin_usage_endpoint" time="0.039" /><testcase classname="tests.test_billing_stage4.TestMockTopup" name="test_topup_mock_works" time="0.112" /></testsuite></testsuites>