<?xml version="1.0" encoding="utf-8"?><testsuites name="pytest tests"><testsuite name="pytest" errors="0" failures="0" skipped="0" tests="16" time="1.707" timestamp="2026-02-09T23:04:33.028823+00:00" hostname="agent-env-ca9052a5-c191-48d8-8273-3637168f18cb"><testcase classname="backend.tests.test_attachments.TestAttachmentsList" name="test_list_attachments_success" time="0.323" /><testcase classname="backend.tests.test_attachments.TestAttachmentsList" name="test_list_attachments_no_auth" time="0.035" /><testcase classname="backend.tests.test_attachments.TestAttachmentsList" name="test_list_attachments_invalid_project" time="0.036" /><testcase classname="backend.tests.test_attachments.TestFileUpload" name="test_upload_txt_file" time="0.076" /><testcase classname="backend.tests.test_attachments.TestFileUpload" name="test_upload_csv_file" time="0.070" /><testcase classname="backend.tests.test_attachments.TestFileUpload" name="test_upload_md_file" time="0.079" /><testcase classname="backend.tests.test_attachments.TestFileUpload" name="test_upload_unsupported_format" time="0.036" /><testcase classname="backend.tests.test_attachments.TestUrlAttachment" name="test_add_url_attachment" time="0.072" /><testcase classname="backend.tests.test_attachments.TestUrlAttachment" name="test_add_url_without_name" time="0.074" /><testcase classname="backend.tests.test_attachments.TestUrlAttachment" name="test_add_url_invalid_project" time="0.076" /><testcase classname="backend.tests.test_attachments.TestAttachmentDeletion" name="test_delete_attachment" time="0.115" /><testcase classname="backend.tests.test_attachments.TestAttachmentDeletion" name="test_delete_nonexistent_attachment" time="0.035" /><testcase classname="backend.tests.test_attachments.TestFileTypeDetection" name="test_pdf_file_type" time="0.071" /><testcase classname="backend.tests.test_attachments.TestFileTypeDetection" name="test_image_file_types" time="0.076" /><testcase classname="backend.tests.test_attachments.TestAnalyzeWithAttachments" name="test_analyze_raw_accepts_attachment_ids" time="0.124" /><testcase classname="backend.tests.test_attachments.TestExistingAttachments" name="test_list_existing_admin_attachments" time="0.335" /></testsuite></testsuites>