<?xml version="1.0" encoding="utf-8"?><testsuites name="pytest tests"><testsuite name="pytest" errors="0" failures="4" skipped="0" tests="10" time="0.987" timestamp="2026-02-09T20:42:57.070637+00:00" hostname="agent-env-ca9052a5-c191-48d8-8273-3637168f18cb"><testcase classname="backend.tests.test_results_tab.TestAnalysisResultsEndpoint" name="test_get_analysis_results_success" time="0.348" /><testcase classname="backend.tests.test_results_tab.TestAnalysisResultsEndpoint" name="test_get_analysis_results_unauthorized" time="0.039"><failure message="assert 403 == 401&#10; +  where 403 = &lt;Response [403]&gt;.status_code">backend/tests/test_results_tab.py:83: in test_get_analysis_results_unauthorized
    assert response.status_code == 401
E   assert 403 == 401
E    +  where 403 = &lt;Response [403]&gt;.status_code</failure></testcase><testcase classname="backend.tests.test_results_tab.TestAnalysisResultsEndpoint" name="test_get_analysis_results_project_not_found" time="0.035" /><testcase classname="backend.tests.test_results_tab.TestSaveFullAnalysisEndpoint" name="test_save_full_analysis_with_pipeline_fields" time="0.040"><failure message="AssertionError: pipeline_id should be saved&#10;assert None == '11c1ed17-8c3a-4b1b-9293-ceea278da49a'&#10; +  where None = &lt;built-in method get of dict object at 0xfe4fc6cb5bc0&gt;('pipeline_id')&#10; +    where &lt;built-in method get of dict object at 0xfe4fc6cb5bc0&gt; = {'additional_text': None, 'created_at': '2026-02-09T20:42:57.656212+00:00', 'id': 'ca02b23b-86c5-45a1-901b-4ba31c7cb808', 'project_id': 'daf833a1-7fec-4e50-9610-53ce9c766c4b', ...}.get">backend/tests/test_results_tab.py:123: in test_save_full_analysis_with_pipeline_fields
    assert data.get("pipeline_id") == test_pipeline_id, "pipeline_id should be saved"
E   AssertionError: pipeline_id should be saved
E   assert None == '11c1ed17-8c3a-4b1b-9293-ceea278da49a'
E    +  where None = &lt;built-in method get of dict object at 0xfe4fc6cb5bc0&gt;('pipeline_id')
E    +    where &lt;built-in method get of dict object at 0xfe4fc6cb5bc0&gt; = {'additional_text': None, 'created_at': '2026-02-09T20:42:57.656212+00:00', 'id': 'ca02b23b-86c5-45a1-901b-4ba31c7cb808', 'project_id': 'daf833a1-7fec-4e50-9610-53ce9c766c4b', ...}.get</failure></testcase><testcase classname="backend.tests.test_results_tab.TestSaveFullAnalysisEndpoint" name="test_save_full_analysis_without_pipeline_fields" time="0.038" /><testcase classname="backend.tests.test_results_tab.TestSaveFullAnalysisEndpoint" name="test_save_full_analysis_unauthorized" time="0.034"><failure message="assert 403 == 401&#10; +  where 403 = &lt;Response [403]&gt;.status_code">backend/tests/test_results_tab.py:163: in test_save_full_analysis_unauthorized
    assert response.status_code == 401
E   assert 403 == 401
E    +  where 403 = &lt;Response [403]&gt;.status_code</failure></testcase><testcase classname="backend.tests.test_results_tab.TestDeleteChatHistoryEndpoint" name="test_delete_chat_history_success" time="0.117" /><testcase classname="backend.tests.test_results_tab.TestDeleteChatHistoryEndpoint" name="test_delete_chat_history_not_found" time="0.040" /><testcase classname="backend.tests.test_results_tab.TestDeleteChatHistoryEndpoint" name="test_delete_chat_history_unauthorized" time="0.037"><failure message="assert 403 == 401&#10; +  where 403 = &lt;Response [403]&gt;.status_code">backend/tests/test_results_tab.py:221: in test_delete_chat_history_unauthorized
    assert response.status_code == 401
E   assert 403 == 401
E    +  where 403 = &lt;Response [403]&gt;.status_code</failure></testcase><testcase classname="backend.tests.test_results_tab.TestCleanup" name="test_cleanup_test_results" time="0.111" /></testsuite></testsuites>