<?xml version="1.0" encoding="utf-8"?><testsuites name="pytest tests"><testsuite name="pytest" errors="0" failures="0" skipped="0" tests="29" time="14.590" timestamp="2026-02-11T14:37:54.197978+00:00" hostname="agent-env-b7509501-e097-4b0b-8dc5-fcf02644b0fe"><testcase classname="backend.tests.test_org_roles.TestAuthWithOrganization" name="test_register_creates_user_and_org_with_custom_org_name" time="0.317" /><testcase classname="backend.tests.test_org_roles.TestAuthWithOrganization" name="test_register_creates_org_with_user_name_if_no_org_name" time="0.258" /><testcase classname="backend.tests.test_org_roles.TestAuthWithOrganization" name="test_register_duplicate_email_fails" time="0.318" /><testcase classname="backend.tests.test_org_roles.TestAuthWithOrganization" name="test_login_returns_org_id_and_org_name" time="0.268" /><testcase classname="backend.tests.test_org_roles.TestAuthWithOrganization" name="test_login_invalid_credentials" time="0.257" /><testcase classname="backend.tests.test_org_roles.TestAuthWithOrganization" name="test_get_me_returns_org_info" time="0.317" /><testcase classname="backend.tests.test_org_roles.TestOrganizationEndpoints" name="test_get_my_org" time="0.276" /><testcase classname="backend.tests.test_org_roles.TestOrganizationEndpoints" name="test_get_my_users" time="0.267" /><testcase classname="backend.tests.test_org_roles.TestInvitationFlow" name="test_invite_user_to_org" time="0.277" /><testcase classname="backend.tests.test_org_roles.TestInvitationFlow" name="test_invite_duplicate_fails" time="0.289" /><testcase classname="backend.tests.test_org_roles.TestInvitationFlow" name="test_invited_user_joins_org_on_register" time="0.505" /><testcase classname="backend.tests.test_org_roles.TestOrgUserManagement" name="test_update_user_role_within_org" time="0.521" /><testcase classname="backend.tests.test_org_roles.TestOrgUserManagement" name="test_update_role_invalid_role_fails" time="0.548" /><testcase classname="backend.tests.test_org_roles.TestOrgUserManagement" name="test_cannot_change_own_role" time="0.546" /><testcase classname="backend.tests.test_org_roles.TestOrgUserManagement" name="test_set_user_token_limit" time="0.571" /><testcase classname="backend.tests.test_org_roles.TestOrgUserManagement" name="test_remove_user_from_org" time="0.580" /><testcase classname="backend.tests.test_org_roles.TestOrgUserManagement" name="test_cannot_remove_self" time="0.506" /><testcase classname="backend.tests.test_org_roles.TestSuperadminEndpoints" name="test_list_all_orgs_superadmin" time="0.541" /><testcase classname="backend.tests.test_org_roles.TestSuperadminEndpoints" name="test_list_all_orgs_forbidden_for_regular_user" time="0.504" /><testcase classname="backend.tests.test_org_roles.TestSuperadminEndpoints" name="test_list_all_users_superadmin" time="0.491" /><testcase classname="backend.tests.test_org_roles.TestSuperadminEndpoints" name="test_list_all_users_forbidden_for_org_admin" time="0.489" /><testcase classname="backend.tests.test_org_roles.TestSuperadminEndpoints" name="test_superadmin_change_any_user_role" time="0.509" /><testcase classname="backend.tests.test_org_roles.TestSuperadminEndpoints" name="test_superadmin_role_change_invalid_role" time="0.491" /><testcase classname="backend.tests.test_org_roles.TestRoleBasedAccess" name="test_regular_user_cannot_access_org_users" time="0.778" /><testcase classname="backend.tests.test_org_roles.TestRoleBasedAccess" name="test_regular_user_can_access_my_org" time="0.857" /><testcase classname="backend.tests.test_org_roles.TestRoleBasedAccess" name="test_regular_user_cannot_invite" time="0.769" /><testcase classname="backend.tests.test_org_roles.TestRoleBasedAccess" name="test_org_admin_can_invite" time="0.830" /><testcase classname="backend.tests.test_org_roles.TestRoleBasedAccess" name="test_org_admin_cannot_access_all_orgs" time="0.741" /><testcase classname="backend.tests.test_org_roles.TestRoleBasedAccess" name="test_superadmin_can_access_all_endpoints" time="0.850" /></testsuite></testsuites>