<?xml version="1.0" encoding="utf-8"?><testsuites name="pytest tests"><testsuite name="pytest" errors="0" failures="0" skipped="0" tests="17" time="10.956" timestamp="2026-02-13T09:46:37.264809+00:00" hostname="agent-env-e09245ff-b933-4d64-a28e-f13b74bd9464"><testcase classname="backend.tests.test_cost_settings.TestCostSettingsEndpoints" name="test_get_cost_settings_returns_200" time="0.785" /><testcase classname="backend.tests.test_cost_settings.TestCostSettingsEndpoints" name="test_put_cost_settings_updates_transcription_cost" time="0.929" /><testcase classname="backend.tests.test_cost_settings.TestCostSettingsEndpoints" name="test_put_cost_settings_updates_transcription_multiplier" time="0.884" /><testcase classname="backend.tests.test_cost_settings.TestCostSettingsEndpoints" name="test_put_cost_settings_updates_storage_cost" time="0.896" /><testcase classname="backend.tests.test_cost_settings.TestCostSettingsEndpoints" name="test_put_cost_settings_updates_storage_multiplier" time="0.724" /><testcase classname="backend.tests.test_cost_settings.TestCostSettingsEndpoints" name="test_put_cost_settings_multiple_fields" time="0.717" /><testcase classname="backend.tests.test_cost_settings.TestCostSettingsEndpoints" name="test_put_cost_settings_rejects_negative_values" time="1.259" /><testcase classname="backend.tests.test_cost_settings.TestCostSettingsEndpoints" name="test_put_cost_settings_accepts_zero_values" time="0.748" /><testcase classname="backend.tests.test_cost_settings.TestCostSettingsEndpoints" name="test_post_run_storage_calc_returns_200" time="1.469" /><testcase classname="backend.tests.test_cost_settings.TestCostSettingsAuth" name="test_get_cost_settings_without_auth_returns_error" time="0.126" /><testcase classname="backend.tests.test_cost_settings.TestCostSettingsAuth" name="test_put_cost_settings_without_auth_returns_401" time="0.135" /><testcase classname="backend.tests.test_cost_settings.TestCostSettingsAuth" name="test_run_storage_calc_without_auth_returns_error" time="0.156" /><testcase classname="backend.tests.test_cost_settings.TestCostSettingsAuth" name="test_cost_settings_with_invalid_token_returns_401" time="0.111" /><testcase classname="backend.tests.test_cost_settings.TestDefaultCostSettings" name="test_default_transcription_cost_per_minute" time="0.494" /><testcase classname="backend.tests.test_cost_settings.TestDefaultCostSettings" name="test_default_transcription_multiplier" time="0.433" /><testcase classname="backend.tests.test_cost_settings.TestDefaultCostSettings" name="test_default_storage_cost_per_gb_month" time="0.422" /><testcase classname="backend.tests.test_cost_settings.TestDefaultCostSettings" name="test_default_storage_multiplier" time="0.598" /></testsuite></testsuites>