<?xml version="1.0" encoding="utf-8"?><testsuites name="pytest tests"><testsuite name="pytest" errors="0" failures="1" skipped="0" tests="8" time="5.166" timestamp="2026-02-14T14:48:11.479808+00:00" hostname="agent-env-ae967655-5b54-4c62-be83-8806dc70ef7a"><testcase classname="backend.tests.test_feedback.TestFeedbackEndpoint" name="test_feedback_requires_authentication" time="0.183" /><testcase classname="backend.tests.test_feedback.TestFeedbackEndpoint" name="test_feedback_text_only_success" time="0.996" /><testcase classname="backend.tests.test_feedback.TestFeedbackEndpoint" name="test_feedback_with_screenshot_success" time="0.650"><failure message="AssertionError: Expected success=True, got {'success': False, 'error': 'Ошибка отправки в Telegram'}&#10;assert False == True">backend/tests/test_feedback.py:106: in test_feedback_with_screenshot_success
    assert data["success"] == True, f"Expected success=True, got {data}"
E   AssertionError: Expected success=True, got {'success': False, 'error': 'Ошибка отправки в Telegram'}
E   assert False == True</failure></testcase><testcase classname="backend.tests.test_feedback.TestFeedbackEndpoint" name="test_feedback_empty_text_validation" time="0.125" /><testcase classname="backend.tests.test_feedback.TestFeedbackEndpoint" name="test_feedback_minimal_data" time="0.503" /><testcase classname="backend.tests.test_feedback.TestFeedbackEndpoint" name="test_feedback_telegram_only" time="0.536" /><testcase classname="backend.tests.test_feedback.TestAuthenticationFlow" name="test_login_success" time="0.368" /><testcase classname="backend.tests.test_feedback.TestAuthenticationFlow" name="test_login_invalid_password" time="1.635" /></testsuite></testsuites>