<?xml version="1.0" encoding="utf-8"?><testsuites name="pytest tests"><testsuite name="pytest" errors="0" failures="0" skipped="0" tests="9" time="23.013" timestamp="2026-02-08T00:10:32.270096+00:00" hostname="agent-env-0e29a717-375d-40f1-9c26-b74f97e32fee"><testcase classname="backend.tests.test_iteration4_features.TestChatHistoryEndpoint" name="test_get_chat_history_returns_sorted_asc" time="0.328" /><testcase classname="backend.tests.test_iteration4_features.TestChatHistoryEndpoint" name="test_create_and_update_chat_response" time="22.350" /><testcase classname="backend.tests.test_iteration4_features.TestChatHistoryEndpoint" name="test_update_nonexistent_chat_returns_404" time="0.013" /><testcase classname="backend.tests.test_iteration4_features.TestChatHistoryEndpoint" name="test_update_chat_wrong_project_returns_404" time="0.102" /><testcase classname="backend.tests.test_iteration4_features.TestChatResponseUpdateModel" name="test_update_requires_response_text" time="0.059" /><testcase classname="backend.tests.test_iteration4_features.TestTranscriptEndpoints" name="test_get_transcripts" time="0.014" /><testcase classname="backend.tests.test_iteration4_features.TestTranscriptEndpoints" name="test_update_processed_transcript" time="0.038" /><testcase classname="backend.tests.test_iteration4_features.TestProjectData" name="test_project_exists" time="0.051" /><testcase classname="backend.tests.test_iteration4_features.TestProjectData" name="test_prompts_available" time="0.008" /></testsuite></testsuites>