<?xml version="1.0" encoding="utf-8"?><testsuites name="pytest tests"><testsuite name="pytest" errors="0" failures="0" skipped="0" tests="4" time="2.625" timestamp="2026-02-10T18:59:15.543314+00:00" hostname="agent-env-a7e19f18-7ff0-47c5-bf07-49e9cdc1032b"><testcase classname="backend.tests.test_move_to_folder.TestMoveProjectToFolder" name="test_move_meeting_project_to_different_folder" time="0.707" /><testcase classname="backend.tests.test_move_to_folder.TestMoveProjectToFolder" name="test_move_meeting_project_to_root" time="0.571" /><testcase classname="backend.tests.test_move_to_folder.TestMoveDocProjectToFolder" name="test_move_doc_project_to_different_folder" time="0.608" /><testcase classname="backend.tests.test_move_to_folder.TestMoveDocProjectToFolder" name="test_doc_project_update_preserves_other_fields" time="0.564" /></testsuite></testsuites>