<?xml version="1.0" encoding="utf-8"?><testsuites name="pytest tests"><testsuite name="pytest" errors="0" failures="0" skipped="0" tests="9" time="3.159" timestamp="2026-02-07T22:50:23.707904+00:00" hostname="agent-env-0e29a717-375d-40f1-9c26-b74f97e32fee"><testcase classname="backend.tests.test_bug_fixes.TestAuthentication" name="test_login_success" time="0.289" /><testcase classname="backend.tests.test_bug_fixes.TestAuthentication" name="test_login_invalid_credentials" time="0.039" /><testcase classname="backend.tests.test_bug_fixes.TestReasoningEffortParameter" name="test_analyze_endpoint_accepts_reasoning_effort" time="0.423" /><testcase classname="backend.tests.test_bug_fixes.TestReasoningEffortParameter" name="test_all_reasoning_effort_values_accepted" time="0.611" /><testcase classname="backend.tests.test_bug_fixes.TestProjectEndpoints" name="test_create_project" time="0.375" /><testcase classname="backend.tests.test_bug_fixes.TestProjectEndpoints" name="test_list_projects" time="0.294" /><testcase classname="backend.tests.test_bug_fixes.TestPromptsEndpoints" name="test_list_prompts" time="0.307" /><testcase classname="backend.tests.test_bug_fixes.TestSpeakersEndpoint" name="test_speakers_endpoint_exists" time="0.378" /><testcase classname="backend.tests.test_bug_fixes.TestTranscriptsEndpoint" name="test_transcripts_endpoint_exists" time="0.392" /></testsuite></testsuites>