<?xml version="1.0" encoding="utf-8"?><testsuites name="pytest tests"><testsuite name="pytest" errors="0" failures="0" skipped="0" tests="15" time="1.263" timestamp="2026-02-10T17:39:15.459094+00:00" hostname="agent-env-a7e19f18-7ff0-47c5-bf07-49e9cdc1032b"><testcase classname="backend.tests.test_meeting_folders" name="test_health_endpoint" time="0.335" /><testcase classname="backend.tests.test_meeting_folders" name="test_create_folder" time="0.070" /><testcase classname="backend.tests.test_meeting_folders" name="test_create_nested_folder" time="0.039" /><testcase classname="backend.tests.test_meeting_folders" name="test_create_folder_invalid_parent" time="0.039" /><testcase classname="backend.tests.test_meeting_folders" name="test_list_folders" time="0.037" /><testcase classname="backend.tests.test_meeting_folders" name="test_update_folder" time="0.042" /><testcase classname="backend.tests.test_meeting_folders" name="test_update_nonexistent_folder" time="0.039" /><testcase classname="backend.tests.test_meeting_folders" name="test_delete_folder_not_empty_nested" time="0.036" /><testcase classname="backend.tests.test_meeting_folders" name="test_create_project_in_folder" time="0.089" /><testcase classname="backend.tests.test_meeting_folders" name="test_list_projects_by_folder" time="0.077" /><testcase classname="backend.tests.test_meeting_folders" name="test_delete_folder_not_empty_project" time="0.040" /><testcase classname="backend.tests.test_meeting_folders" name="test_pipelines_api" time="0.041" /><testcase classname="backend.tests.test_meeting_folders" name="test_prompts_api" time="0.041" /><testcase classname="backend.tests.test_meeting_folders" name="test_speaker_directory_api" time="0.039" /><testcase classname="backend.tests.test_meeting_folders" name="test_projects_list_api" time="0.235" /></testsuite></testsuites>