<?xml version="1.0" encoding="utf-8"?><testsuites name="pytest tests"><testsuite name="pytest" errors="0" failures="0" skipped="0" tests="9" time="2.932" timestamp="2026-02-08T23:30:49.865901+00:00" hostname="agent-env-b080c1d4-e2da-4af2-9a95-f7f25db14b8d"><testcase classname="tests.test_speaker_editing.TestSpeakerEditing" name="test_get_speakers_returns_list" time="0.320" /><testcase classname="tests.test_speaker_editing.TestSpeakerEditing" name="test_update_speaker_with_full_name_and_company" time="0.332" /><testcase classname="tests.test_speaker_editing.TestSpeakerEditing" name="test_update_speaker_persists_in_database" time="0.349" /><testcase classname="tests.test_speaker_editing.TestSpeakerEditing" name="test_update_speaker_without_company" time="0.335" /><testcase classname="tests.test_speaker_editing.TestSpeakerEditing" name="test_update_nonexistent_speaker_returns_404" time="0.288" /><testcase classname="tests.test_speaker_editing.TestSpeakerEditing" name="test_speakers_tab_removed_from_project_page" time="0.279" /><testcase classname="tests.test_speaker_editing.TestSpeakerDirectory" name="test_list_speaker_directory" time="0.287" /><testcase classname="tests.test_speaker_editing.TestSpeakerDirectory" name="test_search_speaker_directory" time="0.343" /><testcase classname="tests.test_speaker_editing.TestSpeakerDirectory" name="test_create_speaker_directory_entry" time="0.282" /></testsuite></testsuites>