<?xml version="1.0" encoding="utf-8"?><testsuites name="pytest tests"><testsuite name="pytest" errors="0" failures="1" skipped="0" tests="10" time="1.552" timestamp="2026-02-11T23:54:08.398420+00:00" hostname="agent-env-858b43d6-ef22-41c0-9783-ae268036ee8e"><testcase classname="backend.tests.test_fast_track.TestFastTrackFeature" name="test_bulk_accept_endpoint_returns_200" time="0.350" /><testcase classname="backend.tests.test_fast_track.TestFastTrackFeature" name="test_bulk_accept_invalid_project_returns_404" time="0.042" /><testcase classname="backend.tests.test_fast_track.TestFastTrackFeature" name="test_bulk_accept_without_auth_returns_401" time="0.040"><failure message="AssertionError: Expected 401, got 403&#10;assert 403 == 401&#10; +  where 403 = &lt;Response [403]&gt;.status_code">backend/tests/test_fast_track.py:76: in test_bulk_accept_without_auth_returns_401
    assert response.status_code == 401, f"Expected 401, got {response.status_code}"
E   AssertionError: Expected 401, got 403
E   assert 403 == 401
E    +  where 403 = &lt;Response [403]&gt;.status_code</failure></testcase><testcase classname="backend.tests.test_fast_track.TestFastTrackFeature" name="test_project_response_includes_fast_track_field" time="0.036" /><testcase classname="backend.tests.test_fast_track.TestFastTrackFeature" name="test_create_project_has_expected_fields" time="0.074" /><testcase classname="backend.tests.test_fast_track.TestFastTrackFeature" name="test_list_pipelines_returns_200" time="0.038" /><testcase classname="backend.tests.test_fast_track.TestFastTrackFeature" name="test_fragments_list_returns_200" time="0.040" /><testcase classname="backend.tests.test_fast_track.TestUploadWithFastTrackParams" name="test_upload_endpoint_structure" time="0.374" /><testcase classname="backend.tests.test_fast_track.TestProjectModelFastTrack" name="test_project_model_has_fast_track_in_schema" time="0.413" /><testcase classname="backend.tests.test_fast_track.TestProjectModelFastTrack" name="test_pipeline_has_id_and_name" time="0.040" /></testsuite></testsuites>