<?xml version="1.0" encoding="utf-8"?><testsuites name="pytest tests"><testsuite name="pytest" errors="0" failures="0" skipped="0" tests="18" time="2.188" timestamp="2026-02-11T18:50:03.242893+00:00" hostname="agent-env-2238ff7d-a4ae-4663-a185-1b46a93d3004"><testcase classname="backend.tests.test_invitations.TestInvitationCreate" name="test_create_invitation_success" time="0.366" /><testcase classname="backend.tests.test_invitations.TestInvitationCreate" name="test_create_invitation_without_note" time="0.051" /><testcase classname="backend.tests.test_invitations.TestInvitationCreate" name="test_create_invitation_unauthorized" time="0.040" /><testcase classname="backend.tests.test_invitations.TestInvitationList" name="test_list_invitations_success" time="0.049" /><testcase classname="backend.tests.test_invitations.TestInvitationList" name="test_list_invitations_unauthorized" time="0.036" /><testcase classname="backend.tests.test_invitations.TestInvitationValidate" name="test_validate_valid_token" time="0.052" /><testcase classname="backend.tests.test_invitations.TestInvitationValidate" name="test_validate_invalid_token" time="0.076" /><testcase classname="backend.tests.test_invitations.TestInvitationValidate" name="test_validate_nonexistent_token" time="0.036" /><testcase classname="backend.tests.test_invitations.TestInvitationRevoke" name="test_revoke_invitation_success" time="0.098" /><testcase classname="backend.tests.test_invitations.TestInvitationRevoke" name="test_revoke_already_revoked" time="0.075" /><testcase classname="backend.tests.test_invitations.TestInvitationRevoke" name="test_revoke_nonexistent" time="0.013" /><testcase classname="backend.tests.test_invitations.TestRegistrationWithInvitation" name="test_register_with_valid_invitation" time="0.373" /><testcase classname="backend.tests.test_invitations.TestRegistrationWithInvitation" name="test_register_with_used_invitation" time="0.308" /><testcase classname="backend.tests.test_invitations.TestRegistrationWithInvitation" name="test_register_with_revoked_invitation" time="0.060" /><testcase classname="backend.tests.test_invitations.TestRegistrationWithInvitation" name="test_register_with_invalid_invitation" time="0.040" /><testcase classname="backend.tests.test_invitations.TestValidateUsedToken" name="test_validate_used_token_returns_error" time="0.320" /><testcase classname="backend.tests.test_invitations.TestNonAdminCannotAccessInvitations" name="test_regular_user_cannot_create_invitation" time="0.036" /><testcase classname="backend.tests.test_invitations.TestNonAdminCannotAccessInvitations" name="test_regular_user_cannot_list_invitations" time="0.035" /></testsuite></testsuites>