<?xml version="1.0" encoding="utf-8"?><testsuites name="pytest tests"><testsuite name="pytest" errors="0" failures="0" skipped="0" tests="8" time="1.139" timestamp="2026-02-07T23:40:33.315749+00:00" hostname="agent-env-0e29a717-375d-40f1-9c26-b74f97e32fee"><testcase classname="backend.tests.test_iteration3_features.TestTranscriptUpdateEndpoint" name="test_update_processed_transcript_endpoint_exists" time="0.441" /><testcase classname="backend.tests.test_iteration3_features.TestTranscriptUpdateEndpoint" name="test_update_transcript_with_content" time="0.211" /><testcase classname="backend.tests.test_iteration3_features.TestTranscriptUpdateEndpoint" name="test_update_transcript_validates_version_type" time="0.077" /><testcase classname="backend.tests.test_iteration3_features.TestFragmentConfirmation" name="test_fragment_update_endpoint_works" time="0.045" /><testcase classname="backend.tests.test_iteration3_features.TestExistingProjectData" name="test_project_exists" time="0.077" /><testcase classname="backend.tests.test_iteration3_features.TestExistingProjectData" name="test_project_has_transcripts" time="0.043" /><testcase classname="backend.tests.test_iteration3_features.TestExistingProjectData" name="test_project_has_fragments" time="0.037" /><testcase classname="backend.tests.test_iteration3_features.TestCRUDOperations" name="test_projects_crud" time="0.148" /></testsuite></testsuites>