<?xml version="1.0" encoding="utf-8"?><testsuites name="pytest tests"><testsuite name="pytest" errors="0" failures="0" skipped="2" tests="15" time="3.312" timestamp="2026-02-11T15:34:20.115437+00:00" hostname="agent-env-47b897ce-5e1c-4028-a956-509ec8e18a0a"><testcase classname="backend.tests.test_billing.TestBillingSetup" name="test_login_org_admin_user" time="0.324" /><testcase classname="backend.tests.test_billing.TestBillingPlans" name="test_get_plans_returns_list" time="0.306" /><testcase classname="backend.tests.test_billing.TestBillingPlans" name="test_plans_without_auth_fails" time="0.038" /><testcase classname="backend.tests.test_billing.TestBillingBalance" name="test_get_balance_returns_org_balance" time="0.300" /><testcase classname="backend.tests.test_billing.TestBillingBalance" name="test_balance_without_auth_fails" time="0.034" /><testcase classname="backend.tests.test_billing.TestBillingTransactions" name="test_get_transactions_returns_list" time="0.301" /><testcase classname="backend.tests.test_billing.TestBillingTransactions" name="test_transactions_pagination" time="0.307" /><testcase classname="backend.tests.test_billing.TestBillingTopup" name="test_topup_adds_credits" time="0.421" /><testcase classname="backend.tests.test_billing.TestBillingTopup" name="test_topup_creates_transaction" time="0.421" /><testcase classname="backend.tests.test_billing.TestBillingTopup" name="test_topup_invalid_plan_fails" time="0.299" /><testcase classname="backend.tests.test_billing.TestBillingTopup" name="test_topup_without_auth_fails" time="0.033" /><testcase classname="backend.tests.test_billing.TestBillingAdminBalances" name="test_admin_balances_forbidden_for_org_admin" time="0.308" /><testcase classname="backend.tests.test_billing.TestBillingAdminBalances" name="test_admin_balances_without_auth_fails" time="0.036" /><testcase classname="backend.tests.test_billing.TestRegularUserRestrictions" name="test_regular_user_can_get_balance" time="0.034"><skipped type="pytest.skip" message="Regular user not set up for testing role restrictions">/app/backend/tests/test_billing.py:331: Regular user not set up for testing role restrictions</skipped></testcase><testcase classname="backend.tests.test_billing.TestRegularUserRestrictions" name="test_regular_user_cannot_topup" time="0.049"><skipped type="pytest.skip" message="Regular user not set up for testing role restrictions">/app/backend/tests/test_billing.py:344: Regular user not set up for testing role restrictions</skipped></testcase></testsuite></testsuites>