<?xml version="1.0" encoding="utf-8"?><testsuites name="pytest tests"><testsuite name="pytest" errors="0" failures="2" skipped="0" tests="17" time="11.372" timestamp="2026-02-13T09:46:12.849277+00:00" hostname="agent-env-e09245ff-b933-4d64-a28e-f13b74bd9464"><testcase classname="backend.tests.test_cost_settings.TestCostSettingsEndpoints" name="test_get_cost_settings_returns_200" time="0.842" /><testcase classname="backend.tests.test_cost_settings.TestCostSettingsEndpoints" name="test_put_cost_settings_updates_transcription_cost" time="0.898" /><testcase classname="backend.tests.test_cost_settings.TestCostSettingsEndpoints" name="test_put_cost_settings_updates_transcription_multiplier" time="0.728" /><testcase classname="backend.tests.test_cost_settings.TestCostSettingsEndpoints" name="test_put_cost_settings_updates_storage_cost" time="1.039" /><testcase classname="backend.tests.test_cost_settings.TestCostSettingsEndpoints" name="test_put_cost_settings_updates_storage_multiplier" time="0.724" /><testcase classname="backend.tests.test_cost_settings.TestCostSettingsEndpoints" name="test_put_cost_settings_multiple_fields" time="0.672" /><testcase classname="backend.tests.test_cost_settings.TestCostSettingsEndpoints" name="test_put_cost_settings_rejects_negative_values" time="1.262" /><testcase classname="backend.tests.test_cost_settings.TestCostSettingsEndpoints" name="test_put_cost_settings_accepts_zero_values" time="0.838" /><testcase classname="backend.tests.test_cost_settings.TestCostSettingsEndpoints" name="test_post_run_storage_calc_returns_200" time="0.764" /><testcase classname="backend.tests.test_cost_settings.TestCostSettingsAuth" name="test_get_cost_settings_without_auth_returns_401" time="0.170"><failure message="AssertionError: Expected 401, got 403&#10;assert 403 == 401&#10; +  where 403 = &lt;Response [403]&gt;.status_code">backend/tests/test_cost_settings.py:208: in test_get_cost_settings_without_auth_returns_401
    assert response.status_code == 401, f"Expected 401, got {response.status_code}"
E   AssertionError: Expected 401, got 403
E   assert 403 == 401
E    +  where 403 = &lt;Response [403]&gt;.status_code</failure></testcase><testcase classname="backend.tests.test_cost_settings.TestCostSettingsAuth" name="test_put_cost_settings_without_auth_returns_401" time="0.669" /><testcase classname="backend.tests.test_cost_settings.TestCostSettingsAuth" name="test_run_storage_calc_without_auth_returns_401" time="0.474"><failure message="AssertionError: Expected 401, got 403&#10;assert 403 == 401&#10; +  where 403 = &lt;Response [403]&gt;.status_code">backend/tests/test_cost_settings.py:221: in test_run_storage_calc_without_auth_returns_401
    assert response.status_code == 401, f"Expected 401, got {response.status_code}"
E   AssertionError: Expected 401, got 403
E   assert 403 == 401
E    +  where 403 = &lt;Response [403]&gt;.status_code</failure></testcase><testcase classname="backend.tests.test_cost_settings.TestCostSettingsAuth" name="test_cost_settings_with_invalid_token_returns_401" time="0.123" /><testcase classname="backend.tests.test_cost_settings.TestDefaultCostSettings" name="test_default_transcription_cost_per_minute" time="0.561" /><testcase classname="backend.tests.test_cost_settings.TestDefaultCostSettings" name="test_default_transcription_multiplier" time="0.489" /><testcase classname="backend.tests.test_cost_settings.TestDefaultCostSettings" name="test_default_storage_cost_per_gb_month" time="0.516" /><testcase classname="backend.tests.test_cost_settings.TestDefaultCostSettings" name="test_default_storage_multiplier" time="0.479" /></testsuite></testsuites>