<?xml version="1.0" encoding="utf-8"?><testsuites name="pytest tests"><testsuite name="pytest" errors="0" failures="0" skipped="0" tests="14" time="1.250" timestamp="2026-02-09T13:33:32.494765+00:00" hostname="agent-env-af42d9d5-0837-4f43-ae53-a7b6b6beb299"><testcase classname="backend.tests.test_pipelines.TestPipelinesAPI" name="test_list_pipelines" time="0.348" /><testcase classname="backend.tests.test_pipelines.TestPipelinesAPI" name="test_get_seeded_pipeline" time="0.076" /><testcase classname="backend.tests.test_pipelines.TestPipelinesAPI" name="test_create_pipeline" time="0.039" /><testcase classname="backend.tests.test_pipelines.TestPipelinesAPI" name="test_get_created_pipeline" time="0.038" /><testcase classname="backend.tests.test_pipelines.TestPipelinesAPI" name="test_update_pipeline" time="0.044" /><testcase classname="backend.tests.test_pipelines.TestPipelinesAPI" name="test_update_pipeline_verify_persistence" time="0.037" /><testcase classname="backend.tests.test_pipelines.TestPipelinesAPI" name="test_duplicate_pipeline" time="0.070" /><testcase classname="backend.tests.test_pipelines.TestPipelinesAPI" name="test_delete_pipeline" time="0.074" /><testcase classname="backend.tests.test_pipelines.TestPipelinesAPI" name="test_get_nonexistent_pipeline" time="0.037" /><testcase classname="backend.tests.test_pipelines.TestPipelinesAPI" name="test_delete_nonexistent_pipeline" time="0.032" /><testcase classname="backend.tests.test_pipelines.TestPipelineNodeTypes" name="test_ai_prompt_node_config" time="0.112" /><testcase classname="backend.tests.test_pipelines.TestPipelineNodeTypes" name="test_batch_loop_node_config" time="0.071" /><testcase classname="backend.tests.test_pipelines.TestPipelineNodeTypes" name="test_template_node_config" time="0.070" /><testcase classname="backend.tests.test_pipelines.TestPipelineNodeTypes" name="test_all_node_types" time="0.068" /></testsuite></testsuites>