<?xml version="1.0" encoding="utf-8"?><testsuites name="pytest tests"><testsuite name="pytest" errors="0" failures="0" skipped="0" tests="10" time="0.927" timestamp="2026-02-09T20:43:34.730377+00:00" hostname="agent-env-ca9052a5-c191-48d8-8273-3637168f18cb"><testcase classname="backend.tests.test_results_tab.TestAnalysisResultsEndpoint" name="test_get_analysis_results_success" time="0.343" /><testcase classname="backend.tests.test_results_tab.TestAnalysisResultsEndpoint" name="test_get_analysis_results_unauthorized" time="0.037" /><testcase classname="backend.tests.test_results_tab.TestAnalysisResultsEndpoint" name="test_get_analysis_results_project_not_found" time="0.040" /><testcase classname="backend.tests.test_results_tab.TestSaveFullAnalysisEndpoint" name="test_save_full_analysis_with_pipeline_fields" time="0.076" /><testcase classname="backend.tests.test_results_tab.TestSaveFullAnalysisEndpoint" name="test_save_full_analysis_without_pipeline_fields" time="0.035" /><testcase classname="backend.tests.test_results_tab.TestSaveFullAnalysisEndpoint" name="test_save_full_analysis_unauthorized" time="0.033" /><testcase classname="backend.tests.test_results_tab.TestDeleteChatHistoryEndpoint" name="test_delete_chat_history_success" time="0.113" /><testcase classname="backend.tests.test_results_tab.TestDeleteChatHistoryEndpoint" name="test_delete_chat_history_not_found" time="0.039" /><testcase classname="backend.tests.test_results_tab.TestDeleteChatHistoryEndpoint" name="test_delete_chat_history_unauthorized" time="0.035" /><testcase classname="backend.tests.test_results_tab.TestCleanup" name="test_cleanup_test_results" time="0.111" /></testsuite></testsuites>