<?xml version="1.0" encoding="utf-8"?><testsuites name="pytest tests"><testsuite name="pytest" errors="2" failures="2" skipped="0" tests="10" time="2.991" timestamp="2026-02-10T19:58:07.607505+00:00" hostname="agent-env-af93c277-5d6a-4a8d-947b-ca3ab65ed311"><testcase classname="tests.test_s3_integration.TestS3Integration" name="test_doc_attachment_upload_to_s3" time="1.408" /><testcase classname="tests.test_s3_integration.TestS3Integration" name="test_doc_attachment_download_from_s3" time="0.059" /><testcase classname="tests.test_s3_integration.TestS3Integration" name="test_doc_attachment_delete_from_s3" time="0.267" /><testcase classname="tests.test_s3_integration.TestS3Integration" name="test_meeting_attachment_upload_to_s3" time="0.130"><error message="failed on setup with &quot;AssertionError: Create meeting project failed: {&quot;id&quot;:&quot;47f99132-3c21-4f57-a5b4-846148ba3653&quot;,&quot;name&quot;:&quot;TEST_S3_Meeting_Project&quot;,&quot;description&quot;:&quot;&quot;,&quot;user_id&quot;:&quot;c4c8c4bb-cd42-4de2-8ff3-91c6210aa546&quot;,&quot;status&quot;:&quot;new&quot;,&quot;folder_id&quot;:&quot;0b5f8377-5833-41d4-a884-19f9d6e56fda&quot;,&quot;language&quot;:null,&quot;reasoning_effort&quot;:null,&quot;recording_filename&quot;:null,&quot;recording_duration&quot;:null,&quot;created_at&quot;:&quot;2026-02-10T19:58:09.599925+00:00&quot;,&quot;updated_at&quot;:&quot;2026-02-10T19:58:09.599925+00:00&quot;}&#10;assert 200 == 201&#10; +  where 200 = &lt;Response [200]&gt;.status_code&quot;">tests/test_s3_integration.py:81: in meeting_folder_and_project
    assert project_resp.status_code == 201, f"Create meeting project failed: {project_resp.text}"
E   AssertionError: Create meeting project failed: {"id":"47f99132-3c21-4f57-a5b4-846148ba3653","name":"TEST_S3_Meeting_Project","description":"","user_id":"c4c8c4bb-cd42-4de2-8ff3-91c6210aa546","status":"new","folder_id":"0b5f8377-5833-41d4-a884-19f9d6e56fda","language":null,"reasoning_effort":null,"recording_filename":null,"recording_duration":null,"created_at":"2026-02-10T19:58:09.599925+00:00","updated_at":"2026-02-10T19:58:09.599925+00:00"}
E   assert 200 == 201
E    +  where 200 = &lt;Response [200]&gt;.status_code</error></testcase><testcase classname="tests.test_s3_integration.TestS3Integration" name="test_meeting_attachment_download_from_s3" time="0.000"><failure message="AttributeError: type object 'TestS3Integration' has no attribute 'meeting_project_id'">tests/test_s3_integration.py:201: in test_meeting_attachment_download_from_s3
    project_id = self.__class__.meeting_project_id
                 ^^^^^^^^^^^^^^^^^^^^^^^^^^^^^^^^^
E   AttributeError: type object 'TestS3Integration' has no attribute 'meeting_project_id'</failure></testcase><testcase classname="tests.test_s3_integration.TestS3Integration" name="test_meeting_attachment_delete_from_s3" time="0.000"><failure message="AttributeError: type object 'TestS3Integration' has no attribute 'meeting_project_id'">tests/test_s3_integration.py:220: in test_meeting_attachment_delete_from_s3
    project_id = self.__class__.meeting_project_id
                 ^^^^^^^^^^^^^^^^^^^^^^^^^^^^^^^^^
E   AttributeError: type object 'TestS3Integration' has no attribute 'meeting_project_id'</failure></testcase><testcase classname="tests.test_s3_integration.TestS3Integration" name="test_pdf_upload_to_s3" time="0.545" /><testcase classname="tests.test_s3_integration.TestS3Integration" name="test_image_upload_to_s3" time="0.087"><error message="failed on setup with &quot;AssertionError: Create meeting project failed: {&quot;id&quot;:&quot;47f99132-3c21-4f57-a5b4-846148ba3653&quot;,&quot;name&quot;:&quot;TEST_S3_Meeting_Project&quot;,&quot;description&quot;:&quot;&quot;,&quot;user_id&quot;:&quot;c4c8c4bb-cd42-4de2-8ff3-91c6210aa546&quot;,&quot;status&quot;:&quot;new&quot;,&quot;folder_id&quot;:&quot;0b5f8377-5833-41d4-a884-19f9d6e56fda&quot;,&quot;language&quot;:null,&quot;reasoning_effort&quot;:null,&quot;recording_filename&quot;:null,&quot;recording_duration&quot;:null,&quot;created_at&quot;:&quot;2026-02-10T19:58:09.599925+00:00&quot;,&quot;updated_at&quot;:&quot;2026-02-10T19:58:09.599925+00:00&quot;}&#10;assert 200 == 201&#10; +  where 200 = &lt;Response [200]&gt;.status_code&quot;">tests/test_s3_integration.py:81: in meeting_folder_and_project
    assert project_resp.status_code == 201, f"Create meeting project failed: {project_resp.text}"
E   AssertionError: Create meeting project failed: {"id":"47f99132-3c21-4f57-a5b4-846148ba3653","name":"TEST_S3_Meeting_Project","description":"","user_id":"c4c8c4bb-cd42-4de2-8ff3-91c6210aa546","status":"new","folder_id":"0b5f8377-5833-41d4-a884-19f9d6e56fda","language":null,"reasoning_effort":null,"recording_filename":null,"recording_duration":null,"created_at":"2026-02-10T19:58:09.599925+00:00","updated_at":"2026-02-10T19:58:09.599925+00:00"}
E   assert 200 == 201
E    +  where 200 = &lt;Response [200]&gt;.status_code</error></testcase><testcase classname="tests.test_s3_integration.TestHealthAndBasicEndpoints" name="test_health_endpoint" time="0.041" /><testcase classname="tests.test_s3_integration.TestHealthAndBasicEndpoints" name="test_login_endpoint" time="0.268" /></testsuite></testsuites>