<?xml version="1.0" encoding="utf-8"?><testsuites name="pytest tests"><testsuite name="pytest" errors="0" failures="0" skipped="0" tests="4" time="6.232" timestamp="2026-02-11T17:59:04.434530+00:00" hostname="agent-env-02631a3a-2bba-4562-ad6d-95b6cc775957"><testcase classname="backend.tests.test_ai_chat_input_from.TestAiChatSystemPrompt" name="test_system_prompt_contains_input_from_rules" time="0.000" /><testcase classname="backend.tests.test_ai_chat_input_from.TestImportPipelineInputFromFix" name="test_import_pipeline_auto_fixes_input_from" time="0.356" /><testcase classname="backend.tests.test_ai_chat_input_from.TestAiChatMessageEndpoint" name="test_create_and_send_message" time="5.781" /><testcase classname="backend.tests.test_ai_chat_input_from.TestPipelineEdgesConsistency" name="test_create_pipeline_with_edges" time="0.041" /></testsuite></testsuites>