<?xml version="1.0" encoding="utf-8"?><testsuites name="pytest tests"><testsuite name="pytest" errors="0" failures="0" skipped="0" tests="10" time="3.794" timestamp="2026-02-11T22:42:24.198573+00:00" hostname="agent-env-858b43d6-ef22-41c0-9783-ae268036ee8e"><testcase classname="backend.tests.test_node_type_refactoring.TestNodeTypeRefactoring" name="test_get_existing_pipeline_with_user_input_node" time="0.429" /><testcase classname="backend.tests.test_node_type_refactoring.TestNodeTypeRefactoring" name="test_get_existing_pipeline_with_batch_and_format_template" time="0.307" /><testcase classname="backend.tests.test_node_type_refactoring.TestNodeTypeRefactoring" name="test_create_pipeline_with_user_input_node" time="0.341" /><testcase classname="backend.tests.test_node_type_refactoring.TestNodeTypeRefactoring" name="test_create_pipeline_with_format_template_node" time="0.375" /><testcase classname="backend.tests.test_node_type_refactoring.TestNodeTypeRefactoring" name="test_create_pipeline_with_batch_prompt_template_node" time="0.392" /><testcase classname="backend.tests.test_node_type_refactoring.TestNodeTypeRefactoring" name="test_backward_compat_legacy_template_type" time="0.348" /><testcase classname="backend.tests.test_node_type_refactoring.TestNodeTypeRefactoring" name="test_update_pipeline_with_new_node_types" time="0.381" /><testcase classname="backend.tests.test_node_type_refactoring.TestNodeTypeRefactoring" name="test_list_pipelines_loads_correctly" time="0.333" /><testcase classname="backend.tests.test_node_type_refactoring.TestNodeConfigValidation" name="test_user_input_with_variable_config" time="0.347" /><testcase classname="backend.tests.test_node_type_refactoring.TestNodeConfigValidation" name="test_batch_prompt_template_with_loop_vars" time="0.411" /></testsuite></testsuites>