<?xml version="1.0" encoding="utf-8"?><testsuites name="pytest tests"><testsuite name="pytest" errors="0" failures="0" skipped="0" tests="17" time="3.417" timestamp="2026-02-14T16:24:15.373451+00:00" hostname="agent-env-cf3ac7f3-62b2-4176-9883-c62c2b934592"><testcase classname="backend.tests.test_org_admin_analytics.TestOrgMyAnalyticsEndpoint" name="test_org_my_analytics_returns_200" time="0.499" /><testcase classname="backend.tests.test_org_admin_analytics.TestOrgMyAnalyticsEndpoint" name="test_org_my_analytics_response_structure" time="0.123" /><testcase classname="backend.tests.test_org_admin_analytics.TestOrgMyAnalyticsEndpoint" name="test_org_my_analytics_default_period_all" time="0.324" /><testcase classname="backend.tests.test_org_admin_analytics.TestOrgMyAnalyticsPeriodFilter" name="test_period_filter_valid_values[day]" time="0.117" /><testcase classname="backend.tests.test_org_admin_analytics.TestOrgMyAnalyticsPeriodFilter" name="test_period_filter_valid_values[week]" time="0.160" /><testcase classname="backend.tests.test_org_admin_analytics.TestOrgMyAnalyticsPeriodFilter" name="test_period_filter_valid_values[month]" time="0.108" /><testcase classname="backend.tests.test_org_admin_analytics.TestOrgMyAnalyticsPeriodFilter" name="test_period_filter_valid_values[all]" time="0.176" /><testcase classname="backend.tests.test_org_admin_analytics.TestOrgMyAnalyticsPeriodFilter" name="test_period_day_filters_data" time="0.125" /><testcase classname="backend.tests.test_org_admin_analytics.TestOrgMyAnalyticsPeriodFilter" name="test_period_week_filters_data" time="0.174" /><testcase classname="backend.tests.test_org_admin_analytics.TestOrgMyAnalyticsPeriodFilter" name="test_period_month_filters_data" time="0.154" /><testcase classname="backend.tests.test_org_admin_analytics.TestOrgMyAnalyticsAccessControl" name="test_unauthenticated_returns_401" time="0.117" /><testcase classname="backend.tests.test_org_admin_analytics.TestOrgMyAnalyticsAccessControl" name="test_invalid_token_returns_401" time="0.109" /><testcase classname="backend.tests.test_org_admin_analytics.TestSuperadminOrgDetailRegression" name="test_admin_org_detail_returns_200" time="0.117" /><testcase classname="backend.tests.test_org_admin_analytics.TestSuperadminOrgDetailRegression" name="test_admin_org_detail_response_structure" time="0.114" /><testcase classname="backend.tests.test_org_admin_analytics.TestSuperadminOrgDetailRegression" name="test_admin_org_detail_period_filter" time="0.519" /><testcase classname="backend.tests.test_org_admin_analytics.TestSuperadminOrgDetailRegression" name="test_admin_org_detail_nonexistent_org_returns_404" time="0.129" /><testcase classname="backend.tests.test_org_admin_analytics.TestDataConsistencyBetweenEndpoints" name="test_data_consistency_for_same_org" time="0.291" /></testsuite></testsuites>