<?xml version="1.0" encoding="utf-8"?><testsuites name="pytest tests"><testsuite name="pytest" errors="0" failures="0" skipped="0" tests="10" time="3.939" timestamp="2026-02-10T19:58:21.881189+00:00" hostname="agent-env-af93c277-5d6a-4a8d-947b-ca3ab65ed311"><testcase classname="tests.test_s3_integration.TestS3Integration" name="test_doc_attachment_upload_to_s3" time="1.200" /><testcase classname="tests.test_s3_integration.TestS3Integration" name="test_doc_attachment_download_from_s3" time="0.044" /><testcase classname="tests.test_s3_integration.TestS3Integration" name="test_doc_attachment_delete_from_s3" time="0.248" /><testcase classname="tests.test_s3_integration.TestS3Integration" name="test_meeting_attachment_upload_to_s3" time="0.464" /><testcase classname="tests.test_s3_integration.TestS3Integration" name="test_meeting_attachment_download_from_s3" time="0.044" /><testcase classname="tests.test_s3_integration.TestS3Integration" name="test_meeting_attachment_delete_from_s3" time="0.291" /><testcase classname="tests.test_s3_integration.TestS3Integration" name="test_pdf_upload_to_s3" time="0.533" /><testcase classname="tests.test_s3_integration.TestS3Integration" name="test_image_upload_to_s3" time="0.744" /><testcase classname="tests.test_s3_integration.TestHealthAndBasicEndpoints" name="test_health_endpoint" time="0.038" /><testcase classname="tests.test_s3_integration.TestHealthAndBasicEndpoints" name="test_login_endpoint" time="0.262" /></testsuite></testsuites>