<?xml version="1.0" encoding="utf-8"?><testsuites name="pytest tests"><testsuite name="pytest" errors="0" failures="0" skipped="0" tests="14" time="2.346" timestamp="2026-02-10T17:08:50.560751+00:00" hostname="agent-env-a7e19f18-7ff0-47c5-bf07-49e9cdc1032b"><testcase classname="backend.tests.test_doc_phase3.TestSeedTemplates" name="test_seed_templates_success" time="0.421" /><testcase classname="backend.tests.test_doc_phase3.TestSeedTemplates" name="test_seed_templates_idempotent" time="0.084" /><testcase classname="backend.tests.test_doc_phase3.TestTemplatesAPI" name="test_list_templates_returns_seeded" time="0.090" /><testcase classname="backend.tests.test_doc_phase3.TestTemplatesAPI" name="test_templates_have_system_prompt" time="0.080" /><testcase classname="backend.tests.test_doc_phase3.TestPinsCRUD" name="test_create_pin_success" time="0.214" /><testcase classname="backend.tests.test_doc_phase3.TestPinsCRUD" name="test_list_pins_sorted_by_order" time="0.365" /><testcase classname="backend.tests.test_doc_phase3.TestPinsCRUD" name="test_update_pin_content" time="0.166" /><testcase classname="backend.tests.test_doc_phase3.TestPinsCRUD" name="test_delete_pin" time="0.165" /><testcase classname="backend.tests.test_doc_phase3.TestPinsCRUD" name="test_pin_not_found" time="0.042" /><testcase classname="backend.tests.test_doc_phase3.TestPinsReorder" name="test_reorder_pins" time="0.384" /><testcase classname="backend.tests.test_doc_phase3.TestPinsErrorHandling" name="test_create_pin_project_not_found" time="0.037" /><testcase classname="backend.tests.test_doc_phase3.TestPinsErrorHandling" name="test_list_pins_project_not_found" time="0.039" /><testcase classname="backend.tests.test_doc_phase3.TestPinsErrorHandling" name="test_delete_pin_not_found" time="0.036" /><testcase classname="backend.tests.test_doc_phase3.TestTemplatePreFill" name="test_template_structure_for_ui" time="0.148" /></testsuite></testsuites>