<?xml version="1.0" encoding="utf-8"?><testsuites name="pytest tests"><testsuite name="pytest" errors="0" failures="2" skipped="0" tests="15" time="6.308" timestamp="2026-02-11T17:16:22.824101+00:00" hostname="agent-env-02631a3a-2bba-4562-ad6d-95b6cc775957"><testcase classname="tests.test_bug_fix_credits.TestHealthCheck" name="test_api_health" time="0.088" /><testcase classname="tests.test_bug_fix_credits.TestUserAuth" name="test_admin_login" time="0.265" /><testcase classname="tests.test_bug_fix_credits.TestUserAuth" name="test_bugtest_login" time="0.258" /><testcase classname="tests.test_bug_fix_credits.TestBillingBalance" name="test_get_balance_admin" time="0.298" /><testcase classname="tests.test_bug_fix_credits.TestBillingBalance" name="test_get_balance_bugtest" time="0.341" /><testcase classname="tests.test_bug_fix_credits.TestBillingBalance" name="test_balance_not_negative" time="0.015" /><testcase classname="tests.test_bug_fix_credits.TestAiChatSessions" name="test_create_session" time="0.023" /><testcase classname="tests.test_bug_fix_credits.TestAiChatSessions" name="test_list_sessions" time="0.026" /><testcase classname="tests.test_bug_fix_credits.TestAiChatSessions" name="test_get_session" time="0.063" /><testcase classname="tests.test_bug_fix_credits.TestAiChatSessions" name="test_delete_session" time="0.060" /><testcase classname="tests.test_bug_fix_credits.TestAiChatMessageSending" name="test_send_message_returns_ai_response" time="2.277" /><testcase classname="tests.test_bug_fix_credits.TestAiChatMessageSending" name="test_bugtest_user_can_send_message" time="2.096" /><testcase classname="tests.test_bug_fix_credits.TestRegistrationWelcomeCredits" name="test_register_new_user_gets_credits" time="0.347"><failure message="AttributeError: 'str' object has no attribute 'get'">tests/test_bug_fix_credits.py:341: in test_register_new_user_gets_credits
    welcome_txn = next((t for t in txns if "Приветственные" in t.get("description", "")), None)
                  ^^^^^^^^^^^^^^^^^^^^^^^^^^^^^^^^^^^^^^^^^^^^^^^^^^^^^^^^^^^^^^^^^^^^^^^^^^^^^
tests/test_bug_fix_credits.py:341: in &lt;genexpr&gt;
    welcome_txn = next((t for t in txns if "Приветственные" in t.get("description", "")), None)
                                                               ^^^^^
E   AttributeError: 'str' object has no attribute 'get'</failure></testcase><testcase classname="tests.test_bug_fix_credits.TestErrorHandling402" name="test_402_error_message_is_clear" time="0.009" /><testcase classname="tests.test_bug_fix_credits.TestExistingOrgsTopup" name="test_bugtest_user_has_positive_balance" time="0.022"><failure message="AttributeError: 'str' object has no attribute 'get'">tests/test_bug_fix_credits.py:393: in test_bugtest_user_has_positive_balance
    topups = [t for t in txns if t.get("type") == "topup"]
             ^^^^^^^^^^^^^^^^^^^^^^^^^^^^^^^^^^^^^^^^^^^^^
tests/test_bug_fix_credits.py:393: in &lt;listcomp&gt;
    topups = [t for t in txns if t.get("type") == "topup"]
                                 ^^^^^
E   AttributeError: 'str' object has no attribute 'get'</failure></testcase></testsuite></testsuites>