<?xml version="1.0" encoding="utf-8"?><testsuites name="pytest tests"><testsuite name="pytest" errors="0" failures="0" skipped="0" tests="14" time="4.743" timestamp="2026-02-10T18:35:51.597747+00:00" hostname="agent-env-a7e19f18-7ff0-47c5-bf07-49e9cdc1032b"><testcase classname="backend.tests.test_speaker_directory_tags.TestSpeakerDirectoryTags" name="test_list_speaker_directory" time="0.371" /><testcase classname="backend.tests.test_speaker_directory_tags.TestSpeakerDirectoryTags" name="test_create_speaker_with_tags" time="0.330" /><testcase classname="backend.tests.test_speaker_directory_tags.TestSpeakerDirectoryTags" name="test_create_speaker_without_tags" time="0.287" /><testcase classname="backend.tests.test_speaker_directory_tags.TestSpeakerDirectoryTags" name="test_update_speaker_tags" time="0.350" /><testcase classname="backend.tests.test_speaker_directory_tags.TestSpeakerDirectoryTags" name="test_update_speaker_name_and_tags" time="0.300" /><testcase classname="backend.tests.test_speaker_directory_tags.TestSpeakerDirectoryTags" name="test_get_speaker_returns_tags" time="0.389" /><testcase classname="backend.tests.test_speaker_directory_tags.TestSpeakerDirectoryTags" name="test_search_by_tag" time="0.324" /><testcase classname="backend.tests.test_speaker_directory_tags.TestSpeakerDirectoryTags" name="test_search_by_name" time="0.379" /><testcase classname="backend.tests.test_speaker_directory_tags.TestSpeakerDirectoryTags" name="test_search_by_company" time="0.345" /><testcase classname="backend.tests.test_speaker_directory_tags.TestSpeakerDirectoryTags" name="test_delete_speaker" time="0.339" /><testcase classname="backend.tests.test_speaker_directory_tags.TestSpeakerDirectoryTags" name="test_get_nonexistent_speaker_returns_404" time="0.277" /><testcase classname="backend.tests.test_speaker_directory_tags.TestSpeakerDirectoryTags" name="test_update_nonexistent_speaker_returns_404" time="0.311" /><testcase classname="backend.tests.test_speaker_directory_tags.TestSpeakerDirectoryTags" name="test_delete_nonexistent_speaker_returns_404" time="0.273" /><testcase classname="backend.tests.test_speaker_directory_tags.TestSpeakerDirectoryTags" name="test_speaker_response_structure" time="0.280" /></testsuite></testsuites>