<?xml version="1.0" encoding="utf-8"?><testsuites name="pytest tests"><testsuite name="pytest" errors="0" failures="0" skipped="0" tests="8" time="3.799" timestamp="2026-02-14T14:48:43.194812+00:00" hostname="agent-env-ae967655-5b54-4c62-be83-8806dc70ef7a"><testcase classname="backend.tests.test_feedback.TestFeedbackEndpoint" name="test_feedback_requires_authentication" time="0.248" /><testcase classname="backend.tests.test_feedback.TestFeedbackEndpoint" name="test_feedback_text_only_success" time="0.873" /><testcase classname="backend.tests.test_feedback.TestFeedbackEndpoint" name="test_feedback_with_screenshot_success" time="0.696" /><testcase classname="backend.tests.test_feedback.TestFeedbackEndpoint" name="test_feedback_empty_text_validation" time="0.104" /><testcase classname="backend.tests.test_feedback.TestFeedbackEndpoint" name="test_feedback_minimal_data" time="0.510" /><testcase classname="backend.tests.test_feedback.TestFeedbackEndpoint" name="test_feedback_telegram_only" time="0.511" /><testcase classname="backend.tests.test_feedback.TestAuthenticationFlow" name="test_login_success" time="0.387" /><testcase classname="backend.tests.test_feedback.TestAuthenticationFlow" name="test_login_invalid_password" time="0.419" /></testsuite></testsuites>