<?xml version="1.0" encoding="utf-8"?><testsuites name="pytest tests"><testsuite name="pytest" errors="0" failures="0" skipped="0" tests="11" time="3.562" timestamp="2026-02-14T12:58:57.213912+00:00" hostname="agent-env-72e98632-e912-4d2e-a296-4c6c59a45d41"><testcase classname="backend.tests.test_sharing_access_fix.TestOrganizationMembers" name="test_get_org_members" time="0.541" /><testcase classname="backend.tests.test_sharing_access_fix.TestMeetingFoldersTab" name="test_private_tab_returns_only_private_folders" time="0.499" /><testcase classname="backend.tests.test_sharing_access_fix.TestMeetingFoldersTab" name="test_public_tab_returns_only_public_folders" time="0.125" /><testcase classname="backend.tests.test_sharing_access_fix.TestMeetingFoldersTab" name="test_public_tab_returns_owner_name" time="0.139" /><testcase classname="backend.tests.test_sharing_access_fix.TestMeetingFoldersTab" name="test_trash_tab_returns_only_deleted_folders" time="0.112" /><testcase classname="backend.tests.test_sharing_access_fix.TestMeetingFoldersTab" name="test_no_data_leak_between_tabs" time="0.230" /><testcase classname="backend.tests.test_sharing_access_fix.TestDocFoldersTab" name="test_doc_private_tab" time="0.443" /><testcase classname="backend.tests.test_sharing_access_fix.TestDocFoldersTab" name="test_doc_public_tab_returns_owner_name" time="0.101" /><testcase classname="backend.tests.test_sharing_access_fix.TestShareFolderWorkflow" name="test_share_folder_makes_it_public" time="0.441" /><testcase classname="backend.tests.test_sharing_access_fix.TestShareFolderWorkflow" name="test_share_api_accepts_shared_with_array" time="0.309" /><testcase classname="backend.tests.test_sharing_access_fix.TestFolderAccessDetails" name="test_get_folder_includes_owner_name" time="0.532" /></testsuite></testsuites>