<?xml version="1.0" encoding="utf-8"?><testsuites name="pytest tests"><testsuite name="pytest" errors="0" failures="0" skipped="0" tests="15" time="1.512" timestamp="2026-02-11T16:42:18.879012+00:00" hostname="agent-env-47b897ce-5e1c-4028-a956-509ec8e18a0a"><testcase classname="backend.tests.test_org_detail_modal.TestAdminOrgDetailEndpoint" name="test_get_org_detail_success" time="0.372" /><testcase classname="backend.tests.test_org_detail_modal.TestAdminOrgDetailEndpoint" name="test_get_org_detail_user_fields" time="0.045" /><testcase classname="backend.tests.test_org_detail_modal.TestAdminOrgDetailEndpoint" name="test_get_org_detail_top_users_fields" time="0.043" /><testcase classname="backend.tests.test_org_detail_modal.TestAdminOrgDetailEndpoint" name="test_get_org_detail_monthly_chart_fields" time="0.041" /><testcase classname="backend.tests.test_org_detail_modal.TestAdminOrgDetailEndpoint" name="test_get_org_detail_not_found" time="0.037" /><testcase classname="backend.tests.test_org_detail_modal.TestAdminOrgDetailEndpoint" name="test_get_org_detail_requires_superadmin" time="0.343" /><testcase classname="backend.tests.test_org_detail_modal.TestAdminOrgDetailEndpoint" name="test_get_org_detail_unauthorized" time="0.039" /><testcase classname="backend.tests.test_org_detail_modal.TestAdminTopupEndpoint" name="test_admin_topup_success" time="0.074" /><testcase classname="backend.tests.test_org_detail_modal.TestAdminTopupEndpoint" name="test_admin_topup_creates_transaction" time="0.076" /><testcase classname="backend.tests.test_org_detail_modal.TestAdminTopupEndpoint" name="test_admin_topup_without_description" time="0.076" /><testcase classname="backend.tests.test_org_detail_modal.TestAdminTopupEndpoint" name="test_admin_topup_invalid_amount" time="0.057" /><testcase classname="backend.tests.test_org_detail_modal.TestAdminTopupEndpoint" name="test_admin_topup_invalid_org" time="0.036" /><testcase classname="backend.tests.test_org_detail_modal.TestAdminTopupEndpoint" name="test_admin_topup_requires_superadmin" time="0.037" /><testcase classname="backend.tests.test_org_detail_modal.TestAdminTopupEndpoint" name="test_admin_topup_unauthorized" time="0.039" /><testcase classname="backend.tests.test_org_detail_modal.TestAdminBalancesClickable" name="test_admin_balances_includes_org_id" time="0.073" /></testsuite></testsuites>