<?xml version="1.0" encoding="utf-8"?><testsuites name="pytest tests"><testsuite name="pytest" errors="0" failures="0" skipped="0" tests="11" time="57.560" timestamp="2026-02-08T14:32:18.276409+00:00" hostname="agent-env-016aff97-57c8-4e8d-a698-d75672829bef"><testcase classname="backend.tests.test_full_analysis_wizard.TestAnalyzeRawEndpoint" name="test_analyze_raw_success" time="8.987" /><testcase classname="backend.tests.test_full_analysis_wizard.TestAnalyzeRawEndpoint" name="test_analyze_raw_without_reasoning_effort" time="9.274" /><testcase classname="backend.tests.test_full_analysis_wizard.TestAnalyzeRawEndpoint" name="test_analyze_raw_invalid_project" time="0.011" /><testcase classname="backend.tests.test_full_analysis_wizard.TestAnalyzeRawEndpoint" name="test_analyze_raw_missing_fields" time="0.014" /><testcase classname="backend.tests.test_full_analysis_wizard.TestSaveFullAnalysisEndpoint" name="test_save_full_analysis_success" time="0.012" /><testcase classname="backend.tests.test_full_analysis_wizard.TestSaveFullAnalysisEndpoint" name="test_save_full_analysis_appears_in_history" time="0.027" /><testcase classname="backend.tests.test_full_analysis_wizard.TestSaveFullAnalysisEndpoint" name="test_save_full_analysis_invalid_project" time="0.049" /><testcase classname="backend.tests.test_full_analysis_wizard.TestSaveFullAnalysisEndpoint" name="test_save_full_analysis_missing_fields" time="0.007" /><testcase classname="backend.tests.test_full_analysis_wizard.TestFullAnalysisWorkflow" name="test_extract_topics_workflow" time="8.613" /><testcase classname="backend.tests.test_full_analysis_wizard.TestFullAnalysisWorkflow" name="test_batch_analysis_workflow" time="20.378" /><testcase classname="backend.tests.test_full_analysis_wizard.TestFullAnalysisWorkflow" name="test_summary_generation_workflow" time="10.074" /></testsuite></testsuites>