<?xml version="1.0" encoding="utf-8"?><testsuites name="pytest tests"><testsuite name="pytest" errors="0" failures="0" skipped="0" tests="12" time="8.892" timestamp="2026-02-10T18:10:59.164819+00:00" hostname="agent-env-a7e19f18-7ff0-47c5-bf07-49e9cdc1032b"><testcase classname="backend.tests.test_pipeline_runner.TestPipelineRunner" name="test_list_runs_empty_project" time="0.529" /><testcase classname="backend.tests.test_pipeline_runner.TestPipelineRunner" name="test_list_runs_nonexistent_project" time="0.310" /><testcase classname="backend.tests.test_pipeline_runner.TestPipelineRunner" name="test_run_pipeline_nonexistent_project" time="0.340" /><testcase classname="backend.tests.test_pipeline_runner.TestPipelineRunner" name="test_run_pipeline_nonexistent_pipeline" time="0.397" /><testcase classname="backend.tests.test_pipeline_runner.TestPipelineRunner" name="test_delete_run_nonexistent_project" time="0.303" /><testcase classname="backend.tests.test_pipeline_runner.TestPipelineRunner" name="test_delete_run_success" time="0.410" /><testcase classname="backend.tests.test_pipeline_runner.TestPipelineRunner" name="test_list_existing_runs" time="0.332" /><testcase classname="backend.tests.test_pipeline_runner.TestPipelineRunner" name="test_run_pipeline_basic" time="4.683" /><testcase classname="backend.tests.test_pipeline_runner.TestPipelineRunner" name="test_pipelines_endpoint_exists" time="0.310" /><testcase classname="backend.tests.test_pipeline_runner.TestDocProjectWithPipeline" name="test_get_project_with_attachments" time="0.339" /><testcase classname="backend.tests.test_pipeline_runner.TestDocProjectWithPipeline" name="test_upload_attachment_for_pipeline" time="0.381" /><testcase classname="backend.tests.test_pipeline_runner.TestDocProjectWithPipeline" name="test_add_url_attachment" time="0.370" /></testsuite></testsuites>