<?xml version="1.0" encoding="utf-8"?><testsuites name="pytest tests"><testsuite name="pytest" errors="0" failures="0" skipped="0" tests="19" time="2.935" timestamp="2026-02-14T15:57:21.962914+00:00" hostname="agent-env-ae967655-5b54-4c62-be83-8806dc70ef7a"><testcase classname="backend.tests.test_org_detail_page.TestOrgDetailEndpoint" name="test_org_detail_default_period_all" time="0.486" /><testcase classname="backend.tests.test_org_detail_page.TestOrgDetailEndpoint" name="test_org_detail_period_day" time="0.137" /><testcase classname="backend.tests.test_org_detail_page.TestOrgDetailEndpoint" name="test_org_detail_period_week" time="0.111" /><testcase classname="backend.tests.test_org_detail_page.TestOrgDetailEndpoint" name="test_org_detail_period_month" time="0.111" /><testcase classname="backend.tests.test_org_detail_page.TestOrgDetailEndpoint" name="test_org_detail_period_all_explicit" time="0.116" /><testcase classname="backend.tests.test_org_detail_page.TestOrgDetailEndpoint" name="test_org_detail_different_periods_return_different_data" time="0.193" /><testcase classname="backend.tests.test_org_detail_page.TestOrgDetailEndpoint" name="test_org_detail_returns_users" time="0.124" /><testcase classname="backend.tests.test_org_detail_page.TestOrgDetailEndpoint" name="test_org_detail_returns_transactions" time="0.135" /><testcase classname="backend.tests.test_org_detail_page.TestOrgDetailEndpoint" name="test_org_detail_returns_daily_chart" time="0.121" /><testcase classname="backend.tests.test_org_detail_page.TestOrgDetailEndpoint" name="test_org_detail_returns_top_users" time="0.117" /><testcase classname="backend.tests.test_org_detail_page.TestOrgDetailEndpoint" name="test_org_detail_nonexistent_org_returns_404" time="0.100" /><testcase classname="backend.tests.test_org_detail_page.TestOrgDetailEndpoint" name="test_org_detail_requires_auth" time="0.105" /><testcase classname="backend.tests.test_org_detail_page.TestAdminTopup" name="test_admin_topup_success" time="0.200" /><testcase classname="backend.tests.test_org_detail_page.TestAdminTopup" name="test_admin_topup_without_description" time="0.159" /><testcase classname="backend.tests.test_org_detail_page.TestAdminTopup" name="test_admin_topup_invalid_org_returns_404" time="0.115" /><testcase classname="backend.tests.test_org_detail_page.TestAdminTopup" name="test_admin_topup_negative_amount_returns_error" time="0.131" /><testcase classname="backend.tests.test_org_detail_page.TestAdminTopup" name="test_admin_topup_zero_amount_returns_error" time="0.103" /><testcase classname="backend.tests.test_org_detail_page.TestAdminTopup" name="test_admin_topup_requires_auth" time="0.114" /><testcase classname="backend.tests.test_org_detail_page.TestAllOrganizations" name="test_list_all_organizations" time="0.126" /></testsuite></testsuites>